<?xml version="1.0" encoding="UTF-8"?>
<!-- Generated by org.testng.reporters.JUnitReportReporter -->
<testsuite hostname="LAPTOP-KF27UQG9" failures="0" tests="1" name="testCaces.TC_RestoreUserTest" time="2.032" errors="0" timestamp="2024-12-18T08:18:22 IST" skipped="0">
  <testcase classname="testCaces.TC_RestoreUserTest" name="testUserRegistration" time="2.032"/>
  <system-out/>
</testsuite> <!-- testCaces.TC_RestoreUserTest -->
