<?xml version="1.0" encoding="UTF-8"?>
<!-- Generated by org.testng.reporters.JUnitReportReporter -->
<testsuite hostname="LAPTOP-KF27UQG9" failures="0" tests="1" name="testCaces.TC4_priceComparisonTest" time="0.262" errors="0" timestamp="2024-12-29T10:48:34 IST" skipped="0">
  <testcase classname="testCaces.TC4_priceComparisonTest" name="mostChipestProduct" time="0.262"/>
  <system-out/>
</testsuite> <!-- testCaces.TC4_priceComparisonTest -->
