<?xml version="1.0" encoding="UTF-8"?>
<!-- Generated by org.testng.reporters.JUnitReportReporter -->
<testsuite hostname="LAPTOP-KF27UQG9" failures="0" tests="1" name="testCaces.TC2_loginTest" time="1.630" errors="0" timestamp="2024-12-27T08:13:04 IST" skipped="0">
  <testcase classname="testCaces.TC2_loginTest" name="Login" time="1.630"/>
  <system-out/>
</testsuite> <!-- testCaces.TC2_loginTest -->
